<?xml version="1.0" encoding="UTF-8"?>
<testng-results ignored="0" total="1" passed="1" failed="0" skipped="0">
  <reporter-output>
  </reporter-output>
  <suite started-at="2023-12-07T17:16:01 EST" name="Default suite" finished-at="2023-12-07T17:16:09 EST" duration-ms="8252">
    <groups>
    </groups>
    <test started-at="2023-12-07T17:16:01 EST" name="Default test" finished-at="2023-12-07T17:16:09 EST" duration-ms="8252">
      <class name="com.testng.tests.Usermenusalesforcetest">
        <test-method is-config="true" signature="beforemethod()[pri:0, instance:com.testng.tests.Usermenusalesforcetest@65fb9ffc]" started-at="2023-12-07T17:16:01 EST" name="beforemethod" finished-at="2023-12-07T17:16:04 EST" duration-ms="2939" status="PASS">
          <reporter-output>
          </reporter-output>
        </test-method> <!-- beforemethod -->
        <test-method signature="usermenudropdown()[pri:0, instance:com.testng.tests.Usermenusalesforcetest@65fb9ffc]" started-at="2023-12-07T17:16:04 EST" name="usermenudropdown" finished-at="2023-12-07T17:16:09 EST" duration-ms="4786" status="PASS">
          <reporter-output>
          </reporter-output>
        </test-method> <!-- usermenudropdown -->
        <test-method is-config="true" signature="teardown()[pri:0, instance:com.testng.tests.Usermenusalesforcetest@65fb9ffc]" started-at="2023-12-07T17:16:09 EST" name="teardown" finished-at="2023-12-07T17:16:09 EST" duration-ms="467" status="PASS">
          <reporter-output>
          </reporter-output>
        </test-method> <!-- teardown -->
      </class> <!-- com.testng.tests.Usermenusalesforcetest -->
    </test> <!-- Default test -->
  </suite> <!-- Default suite -->
</testng-results>
