<?xml version="1.0" encoding="UTF-8"?>
<testng-results ignored="0" total="6" passed="6" failed="0" skipped="0">
  <reporter-output>
  </reporter-output>
  <suite started-at="2023-12-02T19:33:47 EST" name="Smoke" finished-at="2023-12-02T19:34:48 EST" duration-ms="60334">
    <groups>
    </groups>
    <test started-at="2023-12-02T19:33:47 EST" name="RandomScenarios" finished-at="2023-12-02T19:34:48 EST" duration-ms="60334">
      <class name="com.testng.tests.RandomScenariosTest">
        <test-method is-config="true" signature="beforeMethod()[pri:0, instance:com.testng.tests.RandomScenariosTest@73a1e9a9]" started-at="2023-12-02T19:33:47 EST" name="beforeMethod" finished-at="2023-12-02T19:33:50 EST" duration-ms="2767" status="PASS">
          <reporter-output>
          </reporter-output>
        </test-method> <!-- beforeMethod -->
        <test-method signature="HomeTabFirstNameLastNameLink()[pri:0, instance:com.testng.tests.RandomScenariosTest@73a1e9a9]" started-at="2023-12-02T19:33:50 EST" name="HomeTabFirstNameLastNameLink" finished-at="2023-12-02T19:33:57 EST" duration-ms="6759" status="PASS">
          <reporter-output>
          </reporter-output>
        </test-method> <!-- HomeTabFirstNameLastNameLink -->
        <test-method is-config="true" signature="teardown()[pri:0, instance:com.testng.tests.RandomScenariosTest@73a1e9a9]" started-at="2023-12-02T19:33:57 EST" name="teardown" finished-at="2023-12-02T19:33:57 EST" duration-ms="506" status="PASS">
          <reporter-output>
          </reporter-output>
        </test-method> <!-- teardown -->
        <test-method is-config="true" signature="beforeMethod()[pri:0, instance:com.testng.tests.RandomScenariosTest@73a1e9a9]" started-at="2023-12-02T19:33:57 EST" name="beforeMethod" finished-at="2023-12-02T19:33:59 EST" duration-ms="1422" status="PASS">
          <reporter-output>
          </reporter-output>
        </test-method> <!-- beforeMethod -->
        <test-method signature="HomeTabEditLastName()[pri:1, instance:com.testng.tests.RandomScenariosTest@73a1e9a9]" started-at="2023-12-02T19:33:59 EST" name="HomeTabEditLastName" finished-at="2023-12-02T19:34:06 EST" duration-ms="7599" status="PASS">
          <reporter-output>
          </reporter-output>
        </test-method> <!-- HomeTabEditLastName -->
        <test-method is-config="true" signature="teardown()[pri:0, instance:com.testng.tests.RandomScenariosTest@73a1e9a9]" started-at="2023-12-02T19:34:06 EST" name="teardown" finished-at="2023-12-02T19:34:07 EST" duration-ms="684" status="PASS">
          <reporter-output>
          </reporter-output>
        </test-method> <!-- teardown -->
        <test-method is-config="true" signature="beforeMethod()[pri:0, instance:com.testng.tests.RandomScenariosTest@73a1e9a9]" started-at="2023-12-02T19:34:07 EST" name="beforeMethod" finished-at="2023-12-02T19:34:09 EST" duration-ms="1488" status="PASS">
          <reporter-output>
          </reporter-output>
        </test-method> <!-- beforeMethod -->
        <test-method signature="TabCustomization()[pri:2, instance:com.testng.tests.RandomScenariosTest@73a1e9a9]" started-at="2023-12-02T19:34:09 EST" name="TabCustomization" finished-at="2023-12-02T19:34:15 EST" duration-ms="5975" status="PASS">
          <reporter-output>
          </reporter-output>
        </test-method> <!-- TabCustomization -->
        <test-method is-config="true" signature="teardown()[pri:0, instance:com.testng.tests.RandomScenariosTest@73a1e9a9]" started-at="2023-12-02T19:34:15 EST" name="teardown" finished-at="2023-12-02T19:34:15 EST" duration-ms="346" status="PASS">
          <reporter-output>
          </reporter-output>
        </test-method> <!-- teardown -->
        <test-method is-config="true" signature="beforeMethod()[pri:0, instance:com.testng.tests.RandomScenariosTest@73a1e9a9]" started-at="2023-12-02T19:34:15 EST" name="beforeMethod" finished-at="2023-12-02T19:34:16 EST" duration-ms="1401" status="PASS">
          <reporter-output>
          </reporter-output>
        </test-method> <!-- beforeMethod -->
        <test-method signature="verificationofTabbar()[pri:3, instance:com.testng.tests.RandomScenariosTest@73a1e9a9]" started-at="2023-12-02T19:34:16 EST" name="verificationofTabbar" finished-at="2023-12-02T19:34:19 EST" duration-ms="2765" status="PASS">
          <reporter-output>
          </reporter-output>
        </test-method> <!-- verificationofTabbar -->
        <test-method is-config="true" signature="teardown()[pri:0, instance:com.testng.tests.RandomScenariosTest@73a1e9a9]" started-at="2023-12-02T19:34:19 EST" name="teardown" finished-at="2023-12-02T19:34:20 EST" duration-ms="629" status="PASS">
          <reporter-output>
          </reporter-output>
        </test-method> <!-- teardown -->
        <test-method is-config="true" signature="beforeMethod()[pri:0, instance:com.testng.tests.RandomScenariosTest@73a1e9a9]" started-at="2023-12-02T19:34:20 EST" name="beforeMethod" finished-at="2023-12-02T19:34:21 EST" duration-ms="1490" status="PASS">
          <reporter-output>
          </reporter-output>
        </test-method> <!-- beforeMethod -->
        <test-method signature="AddingEventInTheCalender()[pri:4, instance:com.testng.tests.RandomScenariosTest@73a1e9a9]" started-at="2023-12-02T19:34:21 EST" name="AddingEventInTheCalender" finished-at="2023-12-02T19:34:30 EST" duration-ms="9275" status="PASS">
          <reporter-output>
          </reporter-output>
        </test-method> <!-- AddingEventInTheCalender -->
        <test-method is-config="true" signature="teardown()[pri:0, instance:com.testng.tests.RandomScenariosTest@73a1e9a9]" started-at="2023-12-02T19:34:30 EST" name="teardown" finished-at="2023-12-02T19:34:31 EST" duration-ms="350" status="PASS">
          <reporter-output>
          </reporter-output>
        </test-method> <!-- teardown -->
        <test-method is-config="true" signature="beforeMethod()[pri:0, instance:com.testng.tests.RandomScenariosTest@73a1e9a9]" started-at="2023-12-02T19:34:31 EST" name="beforeMethod" finished-at="2023-12-02T19:34:32 EST" duration-ms="1542" status="PASS">
          <reporter-output>
          </reporter-output>
        </test-method> <!-- beforeMethod -->
        <test-method signature="EventInTheCalenderWithWeeklyRecurrence()[pri:5, instance:com.testng.tests.RandomScenariosTest@73a1e9a9]" started-at="2023-12-02T19:34:32 EST" name="EventInTheCalenderWithWeeklyRecurrence" finished-at="2023-12-02T19:34:47 EST" duration-ms="14923" status="PASS">
          <reporter-output>
          </reporter-output>
        </test-method> <!-- EventInTheCalenderWithWeeklyRecurrence -->
        <test-method is-config="true" signature="teardown()[pri:0, instance:com.testng.tests.RandomScenariosTest@73a1e9a9]" started-at="2023-12-02T19:34:47 EST" name="teardown" finished-at="2023-12-02T19:34:48 EST" duration-ms="330" status="PASS">
          <reporter-output>
          </reporter-output>
        </test-method> <!-- teardown -->
      </class> <!-- com.testng.tests.RandomScenariosTest -->
    </test> <!-- RandomScenarios -->
  </suite> <!-- Smoke -->
</testng-results>
