<?xml version="1.0" encoding="UTF-8"?>
<!-- Generated by org.testng.reporters.JUnitXMLReporter -->
<testsuite ignored="4" hostname="MININT-86R5IFB" failures="0" tests="1" name="Default test" time="11.091" errors="0" timestamp="2023-12-03T15:59:14 EST">
  <testcase classname="com.testng.tests.Loginsalesforcetest" name="loginapplication" time="3.464"/>
  <testcase classname="com.testng.tests.Loginsalesforcetest" name="checkrememberme" time="0.0">
    <ignored/>
  </testcase> <!-- checkrememberme -->
  <testcase classname="com.testng.tests.Loginsalesforcetest" name="forgotpassword" time="0.0">
    <ignored/>
  </testcase> <!-- forgotpassword -->
  <testcase classname="com.testng.tests.Loginsalesforcetest" name="invalidusernameandpassword" time="0.0">
    <ignored/>
  </testcase> <!-- invalidusernameandpassword -->
  <testcase classname="com.testng.tests.Loginsalesforcetest" name="loginapplicationwithoutpassword" time="0.0">
    <ignored/>
  </testcase> <!-- loginapplicationwithoutpassword -->
</testsuite> <!-- Default test -->
