<?xml version="1.0" encoding="UTF-8"?>
<!-- Generated by org.testng.reporters.JUnitXMLReporter -->
<testsuite ignored="5" hostname="MININT-86R5IFB" failures="0" tests="1" name="Default test" time="14.939" errors="0" timestamp="2023-12-02T19:29:04 EST">
  <testcase classname="com.testng.tests.RandomScenariosTest" name="AddingEventInTheCalender" time="11.235"/>
  <testcase classname="com.testng.tests.RandomScenariosTest" name="verificationofTabbar" time="0.0">
    <ignored/>
  </testcase> <!-- verificationofTabbar -->
  <testcase classname="com.testng.tests.RandomScenariosTest" name="HomeTabFirstNameLastNameLink" time="0.0">
    <ignored/>
  </testcase> <!-- HomeTabFirstNameLastNameLink -->
  <testcase classname="com.testng.tests.RandomScenariosTest" name="EventInTheCalenderWithWeeklyRecurrence" time="0.0">
    <ignored/>
  </testcase> <!-- EventInTheCalenderWithWeeklyRecurrence -->
  <testcase classname="com.testng.tests.RandomScenariosTest" name="TabCustomization" time="0.0">
    <ignored/>
  </testcase> <!-- TabCustomization -->
  <testcase classname="com.testng.tests.RandomScenariosTest" name="HomeTabEditLastName" time="0.0">
    <ignored/>
  </testcase> <!-- HomeTabEditLastName -->
</testsuite> <!-- Default test -->
