<?xml version="1.0" encoding="UTF-8"?>
<!-- Generated by org.testng.reporters.JUnitXMLReporter -->
<testsuite ignored="7" hostname="MININT-86R5IFB" failures="0" tests="1" name="Default test(failed)" time="8.248" errors="0" timestamp="2023-12-07T19:05:28 EST">
  <testcase classname="com.testng.tests.Usermenusalesforcetest" name="usermenudropdown" time="4.995"/>
  <testcase classname="com.testng.tests.Usermenusalesforcetest" name="usermenuMySettingsEmail" time="0.0">
    <ignored/>
  </testcase> <!-- usermenuMySettingsEmail -->
  <testcase classname="com.testng.tests.Usermenusalesforcetest" name="usermenudropdownLogout" time="0.0">
    <ignored/>
  </testcase> <!-- usermenudropdownLogout -->
  <testcase classname="com.testng.tests.Usermenusalesforcetest" name="usermenuMySettingsCalenderandremainders" time="0.0">
    <ignored/>
  </testcase> <!-- usermenuMySettingsCalenderandremainders -->
  <testcase classname="com.testng.tests.Usermenusalesforcetest" name="usermenudropdownMyProfile" time="0.0">
    <ignored/>
  </testcase> <!-- usermenudropdownMyProfile -->
  <testcase classname="com.testng.tests.Usermenusalesforcetest" name="usermenuMySettingsPersonal" time="0.0">
    <ignored/>
  </testcase> <!-- usermenuMySettingsPersonal -->
  <testcase classname="com.testng.tests.Usermenusalesforcetest" name="usermenuMySettingsdisplayandlayout" time="0.0">
    <ignored/>
  </testcase> <!-- usermenuMySettingsdisplayandlayout -->
  <testcase classname="com.testng.tests.Usermenusalesforcetest" name="usermenudropdownDeveloperConsole" time="0.0">
    <ignored/>
  </testcase> <!-- usermenudropdownDeveloperConsole -->
</testsuite> <!-- Default test(failed) -->
