<?xml version="1.0" encoding="UTF-8"?>
<!-- Generated by org.testng.reporters.JUnitXMLReporter -->
<testsuite ignored="0" hostname="MININT-86R5IFB" failures="0" tests="5" name="Accounts" time="67.999" errors="0" timestamp="2023-11-20T18:33:00 EST">
  <testcase classname="com.testng.tests.AccountsTest" name="Editview" time="11.969"/>
  <testcase classname="com.testng.tests.AccountsTest" name="createAccountReport" time="5.913"/>
  <testcase classname="com.testng.tests.AccountsTest" name="createanaccount" time="7.093"/>
  <testcase classname="com.testng.tests.AccountsTest" name="createnewview" time="4.312"/>
  <testcase classname="com.testng.tests.AccountsTest" name="mergeAccounts" time="8.705"/>
</testsuite> <!-- Accounts -->
