<?xml version="1.0" encoding="UTF-8"?>
<!-- Generated by org.testng.reporters.JUnitXMLReporter -->
<testsuite ignored="0" hostname="MININT-86R5IFB" failures="0" tests="6" name="Leads" time="52.147" errors="0" timestamp="2023-11-19T19:02:52 EST">
  <testcase classname="com.testng.tests.LeadsTest" name="Leadstab" time="5.074"/>
  <testcase classname="com.testng.tests.LeadsTest" name="Leadsview" time="3.808"/>
  <testcase classname="com.testng.tests.LeadsTest" name="Leadsselectview" time="5.021"/>
  <testcase classname="com.testng.tests.LeadsTest" name="Leadsdefaultview" time="4.684"/>
  <testcase classname="com.testng.tests.LeadsTest" name="todaysLeadPage" time="4.317"/>
  <testcase classname="com.testng.tests.LeadsTest" name="NewLeadViewPage" time="12.716"/>
</testsuite> <!-- Leads -->
