<?xml version="1.0" encoding="UTF-8"?>
<!-- Generated by org.testng.reporters.JUnitXMLReporter -->
<testsuite ignored="0" hostname="MININT-86R5IFB" failures="0" tests="5" name="Login" time="23.037" errors="0" timestamp="2023-11-20T17:07:46 EST">
  <testcase classname="com.testng.tests.Loginsalesforcetest" name="checkrememberme" time="5.935"/>
  <testcase classname="com.testng.tests.Loginsalesforcetest" name="forgotpassword" time="0.962"/>
  <testcase classname="com.testng.tests.Loginsalesforcetest" name="invalidusernameandpassword" time="0.63"/>
  <testcase classname="com.testng.tests.Loginsalesforcetest" name="loginapplication" time="1.761"/>
  <testcase classname="com.testng.tests.Loginsalesforcetest" name="loginapplicationwithoutpassword" time="0.903"/>
</testsuite> <!-- Login -->
