<?xml version="1.0" encoding="UTF-8"?>
<!-- Generated by org.testng.reporters.JUnitXMLReporter -->
<testsuite ignored="0" hostname="MININT-86R5IFB" failures="0" tests="5" name="Login" time="34.42" errors="0" timestamp="2024-01-15T11:56:24 EST">
  <testcase classname="com.testng.tests.Loginsalesforcetest" name="checkrememberme" time="7.882"/>
  <testcase classname="com.testng.tests.Loginsalesforcetest" name="forgotpassword" time="1.03"/>
  <testcase classname="com.testng.tests.Loginsalesforcetest" name="invalidusernameandpassword" time="1.448"/>
  <testcase classname="com.testng.tests.Loginsalesforcetest" name="loginapplication" time="3.376"/>
  <testcase classname="com.testng.tests.Loginsalesforcetest" name="loginapplicationwithoutpassword" time="2.118"/>
</testsuite> <!-- Login -->
