<?xml version="1.0" encoding="UTF-8"?>
<!-- Generated by org.testng.reporters.JUnitXMLReporter -->
<testsuite ignored="0" hostname="MININT-86R5IFB" failures="0" tests="5" name="Opportunities" time="36.137" errors="0" timestamp="2023-11-19T17:04:47 EST">
  <testcase classname="com.testng.tests.OpportunitiesTest" name="QuarterlysummaryReport" time="4.341"/>
  <testcase classname="com.testng.tests.OpportunitiesTest" name="StuckopportunityReport" time="5.301"/>
  <testcase classname="com.testng.tests.OpportunitiesTest" name="createNewopportunity" time="4.924"/>
  <testcase classname="com.testng.tests.OpportunitiesTest" name="opportunitiesdropdown" time="4.111"/>
  <testcase classname="com.testng.tests.OpportunitiesTest" name="opportunityPipelineReport" time="4.632"/>
</testsuite> <!-- Opportunities -->
