<?xml version="1.0" encoding="UTF-8"?>
<!-- Generated by org.testng.reporters.JUnitXMLReporter -->
<testsuite ignored="0" hostname="MININT-86R5IFB" failures="0" tests="6" name="RandomScenarios" time="60.334" errors="0" timestamp="2023-12-02T19:34:48 EST">
  <testcase classname="com.testng.tests.RandomScenariosTest" name="HomeTabFirstNameLastNameLink" time="6.759"/>
  <testcase classname="com.testng.tests.RandomScenariosTest" name="HomeTabEditLastName" time="7.599"/>
  <testcase classname="com.testng.tests.RandomScenariosTest" name="TabCustomization" time="5.975"/>
  <testcase classname="com.testng.tests.RandomScenariosTest" name="verificationofTabbar" time="2.765"/>
  <testcase classname="com.testng.tests.RandomScenariosTest" name="AddingEventInTheCalender" time="9.275"/>
  <testcase classname="com.testng.tests.RandomScenariosTest" name="EventInTheCalenderWithWeeklyRecurrence" time="14.923"/>
</testsuite> <!-- RandomScenarios -->
