<?xml version="1.0" encoding="UTF-8"?>
<!-- Generated by org.testng.reporters.JUnitXMLReporter -->
<testsuite ignored="0" hostname="MININT-86R5IFB" failures="0" tests="2" name="RandomScenarios" time="15.126" errors="0" timestamp="2023-11-26T14:48:28 EST">
  <testcase classname="com.testng.tests.RandomScenariosTest" name="TabCustomization" time="5.615"/>
  <testcase classname="com.testng.tests.RandomScenariosTest" name="verificationofTabbar" time="3.814"/>
</testsuite> <!-- RandomScenarios -->
