<?xml version="1.0" encoding="UTF-8"?>
<!-- Generated by org.testng.reporters.JUnitXMLReporter -->
<testsuite ignored="5" hostname="MININT-86R5IFB" failures="0" tests="1" name="RandomScenarios(failed)" time="17.395" errors="0" timestamp="2023-12-07T19:04:22 EST">
  <testcase classname="com.testng.tests.RandomScenariosTest" name="EventInTheCalenderWithWeeklyRecurrence" time="13.655"/>
  <testcase classname="com.testng.tests.RandomScenariosTest" name="TabCustomization" time="0.0">
    <ignored/>
  </testcase> <!-- TabCustomization -->
  <testcase classname="com.testng.tests.RandomScenariosTest" name="verificationofTabbar" time="0.0">
    <ignored/>
  </testcase> <!-- verificationofTabbar -->
  <testcase classname="com.testng.tests.RandomScenariosTest" name="HomeTabFirstNameLastNameLink" time="0.0">
    <ignored/>
  </testcase> <!-- HomeTabFirstNameLastNameLink -->
  <testcase classname="com.testng.tests.RandomScenariosTest" name="AddingEventInTheCalender" time="0.0">
    <ignored/>
  </testcase> <!-- AddingEventInTheCalender -->
  <testcase classname="com.testng.tests.RandomScenariosTest" name="HomeTabEditLastName" time="0.0">
    <ignored/>
  </testcase> <!-- HomeTabEditLastName -->
</testsuite> <!-- RandomScenarios(failed) -->
